Run configuration:
Start time: 2022-01-16_13-54-31
Seed: 1642337671
Number of generations: 1000
Population size: 10000
CPU Threads number: 1
Evaluation goal: 1
____________________________________________________
Special options: 
Offspring population size: 10000
Mutation probability: 1
Crossover probability: 1
Selection operator: Tournament
Selection pressure: 7
Reduce parent pressure: 2
Reduce offspring pressure: 1
Reduce parents operator: Tournament
Reduce offspring operator: Tournament
Surviving parents: 10000
Surviving offspring: 10000
Replacement operator: Tournament
Replacement pressure: 2
Elitism: 1
Elite size: 1
____________________________________________________
Remote island model: 
Remote island model: 0
Ip file: ip.txt
Migration probability: 0.3
Server port: 2929
Reevaluate immigrants: 0
_____________________________________________________
Result: 
Best fitness: 164.357
Best individual: 
0.00261392 0.00923215 0.0042826 0.00195827 0.00739348 0.00808336 0.00733083 0.000370093 26.4019 3.57019 2.81947 69.3897 4.46988 6.21632 29.0939 7.25983 2.62894 164.357


Elapsed time: 443.994 s
_____________________________________________________
User's messages: 

