Run configuration:
Start time: 2022-01-16_14-04-15
Seed: 1642338255
Number of generations: 1000
Population size: 10000
CPU Threads number: 1
Evaluation goal: 1
____________________________________________________
Special options: 
Offspring population size: 10000
Mutation probability: 1
Crossover probability: 1
Selection operator: Tournament
Selection pressure: 7
Reduce parent pressure: 2
Reduce offspring pressure: 1
Reduce parents operator: Tournament
Reduce offspring operator: Tournament
Surviving parents: 10000
Surviving offspring: 10000
Replacement operator: Tournament
Replacement pressure: 2
Elitism: 1
Elite size: 1
____________________________________________________
Remote island model: 
Remote island model: 0
Ip file: ip.txt
Migration probability: 0.3
Server port: 2929
Reevaluate immigrants: 0
_____________________________________________________
Result: 
Best fitness: 98.0263
Best individual: 
0.00189468 0.000888565 0.000649089 0.00695411 0.00438976 0.000108344 0.00565931 0.00773423 29.1041 7.25991 2.62408 69.3977 4.47008 -0.0770609 26.3975 3.57003 2.82847 98.0263


Elapsed time: 431.378 s
_____________________________________________________
User's messages: 

