Run configuration:
Start time: 2022-01-16_13-51-00
Seed: 1642337460
Number of generations: 100
Population size: 10000
CPU Threads number: 1
Evaluation goal: 1
____________________________________________________
Special options: 
Offspring population size: 10000
Mutation probability: 1
Crossover probability: 1
Selection operator: Tournament
Selection pressure: 7
Reduce parent pressure: 2
Reduce offspring pressure: 1
Reduce parents operator: Tournament
Reduce offspring operator: Tournament
Surviving parents: 10000
Surviving offspring: 10000
Replacement operator: Tournament
Replacement pressure: 2
Elitism: 1
Elite size: 1
____________________________________________________
Remote island model: 
Remote island model: 0
Ip file: ip.txt
Migration probability: 0.3
Server port: 2929
Reevaluate immigrants: 0
_____________________________________________________
Result: 
Best fitness: 1269.19
Best individual: 
0.0502886 0.968821 0.74906 0.917252 0.875796 0.0501997 0.957647 0.36432 0 29.1917 7.25996 2.62169 26.3213 3.56823 2.93067 69.3316 4.47106 6.15684 1269.19


Elapsed time: 43.8001 s
_____________________________________________________
User's messages: 

