Run configuration:
Start time: 2022-01-15_23-24-00
Seed: 1642285440
Number of generations: 100
Population size: 10000
CPU Threads number: 1
Evaluation goal: 1
____________________________________________________
Special options: 
Offspring population size: 10000
Mutation probability: 1
Crossover probability: 1
Selection operator: Tournament
Selection pressure: 7
Reduce parent pressure: 2
Reduce offspring pressure: 1
Reduce parents operator: Tournament
Reduce offspring operator: Tournament
Surviving parents: 10000
Surviving offspring: 10000
Replacement operator: Tournament
Replacement pressure: 2
Elitism: 1
Elite size: 1
____________________________________________________
Remote island model: 
Remote island model: 0
Ip file: ip.txt
Migration probability: 0.3
Server port: 2929
Reevaluate immigrants: 0
_____________________________________________________
Result: 
Best fitness: 875.409
Best individual: 
0.392434 0.907518 0.817309 0.59059 0.92817 0.113932 0.966454 0.164744 0.378326 26.36 3.57123 2.76334 69.3002 4.46989 6.21514 29.0801 7.25821 2.70798 875.409


Elapsed time: 44.7642 s
_____________________________________________________
User's messages: 

