Run configuration:
Start time: 2022-01-14_19-12-34
Seed: 1642183954
Number of generations: 100
Population size: 1000
CPU Threads number: 1
Evaluation goal: 1
____________________________________________________
Special options: 
Offspring population size: 1000
Mutation probability: 1
Crossover probability: 1
Selection operator: Tournament
Selection pressure: 7
Reduce parent pressure: 2
Reduce offspring pressure: 1
Reduce parents operator: Tournament
Reduce offspring operator: Tournament
Surviving parents: 1000
Surviving offspring: 1000
Replacement operator: Tournament
Replacement pressure: 2
Elitism: 1
Elite size: 1
____________________________________________________
Remote island model: 
Remote island model: 0
Ip file: ip.txt
Migration probability: 0.3
Server port: 2929
Reevaluate immigrants: 0
_____________________________________________________
Result: 
Best fitness: 18147
Best individual: 
4.55296 -0.816385 5.81952 70.2269 4.46958 6.22865 29.1629 3.56884 2.9192 18147


Elapsed time: 4.0703 s
_____________________________________________________
User's messages: 

