Run configuration:
Start time: 2022-01-15_18-04-47
Seed: 1642266287
Number of generations: 100
Population size: 10000
CPU Threads number: 1
Evaluation goal: 1
____________________________________________________
Special options: 
Offspring population size: 10000
Mutation probability: 1
Crossover probability: 1
Selection operator: Tournament
Selection pressure: 7
Reduce parent pressure: 2
Reduce offspring pressure: 1
Reduce parents operator: Tournament
Reduce offspring operator: Tournament
Surviving parents: 10000
Surviving offspring: 10000
Replacement operator: Tournament
Replacement pressure: 2
Elitism: 1
Elite size: 1
____________________________________________________
Remote island model: 
Remote island model: 0
Ip file: ip.txt
Migration probability: 0.3
Server port: 2929
Reevaluate immigrants: 0
_____________________________________________________
Result: 
Best fitness: 564.737
Best individual: 
29.0618 7.26049 2.59964 26.4185 3.56931 2.8818 69.2635 4.46968 -0.0570524 564.737


Elapsed time: 46.2605 s
_____________________________________________________
User's messages: 

