Run configuration:
Start time: 2022-01-15_17-38-41
Seed: 1642264721
Number of generations: 100
Population size: 10000
CPU Threads number: 1
Evaluation goal: 1
____________________________________________________
Special options: 
Offspring population size: 10000
Mutation probability: 1
Crossover probability: 1
Selection operator: Tournament
Selection pressure: 7
Reduce parent pressure: 2
Reduce offspring pressure: 1
Reduce parents operator: Tournament
Reduce offspring operator: Tournament
Surviving parents: 10000
Surviving offspring: 10000
Replacement operator: Tournament
Replacement pressure: 2
Elitism: 1
Elite size: 1
____________________________________________________
Remote island model: 
Remote island model: 0
Ip file: ip.txt
Migration probability: 0.3
Server port: 2929
Reevaluate immigrants: 0
_____________________________________________________
Result: 
Best fitness: 755.146
Best individual: 
29.0812 7.26021 2.6063 26.3825 3.56985 2.83833 69.3716 4.47065 6.17355 755.146


Elapsed time: 44.239 s
_____________________________________________________
User's messages: 

