Run configuration:
Start time: 2022-01-16_13-53-42
Seed: 1642337622
Number of generations: 100
Population size: 10000
CPU Threads number: 1
Evaluation goal: 1
____________________________________________________
Special options: 
Offspring population size: 10000
Mutation probability: 1
Crossover probability: 1
Selection operator: Tournament
Selection pressure: 7
Reduce parent pressure: 2
Reduce offspring pressure: 1
Reduce parents operator: Tournament
Reduce offspring operator: Tournament
Surviving parents: 10000
Surviving offspring: 10000
Replacement operator: Tournament
Replacement pressure: 2
Elitism: 1
Elite size: 1
____________________________________________________
Remote island model: 
Remote island model: 0
Ip file: ip.txt
Migration probability: 0.3
Server port: 2929
Reevaluate immigrants: 0
_____________________________________________________
Result: 
Best fitness: 1079.65
Best individual: 
0.472113 0.769438 0.961811 0.711971 0.220519 0.231622 0.317335 0.807162 0 69.2559 4.46926 -0.0347972 29.2962 7.25823 2.70685 26.3723 3.5708 2.78951 1079.65


Elapsed time: 42.8251 s
_____________________________________________________
User's messages: 

