Run configuration:
Start time: 2022-01-16_14-03-24
Seed: 1642338204
Number of generations: 1000
Population size: 10000
CPU Threads number: 1
Evaluation goal: 1
____________________________________________________
Special options: 
Offspring population size: 10000
Mutation probability: 1
Crossover probability: 1
Selection operator: Tournament
Selection pressure: 7
Reduce parent pressure: 2
Reduce offspring pressure: 1
Reduce parents operator: Tournament
Reduce offspring operator: Tournament
Surviving parents: 10000
Surviving offspring: 10000
Replacement operator: Tournament
Replacement pressure: 2
Elitism: 1
Elite size: 1
____________________________________________________
Remote island model: 
Remote island model: 0
Ip file: ip.txt
Migration probability: 0.3
Server port: 2929
Reevaluate immigrants: 0
_____________________________________________________
Result: 
Best fitness: 28396.3
Best individual: 
0.47805 0.320073 0.852601 0.658049 0.483666 0.00533507 0.997814 0.00767458 0.00860194 2.16255 1.85618 4.36563 9.26013 4.98834 67.054 4.47269 5.63124 28396.3


Elapsed time: 0.931161 s
_____________________________________________________
User's messages: 

