Run configuration:
Start time: 2022-01-14_19-12-21
Seed: 1642183941
Number of generations: 100
Population size: 100
CPU Threads number: 1
Evaluation goal: 1
____________________________________________________
Special options: 
Offspring population size: 100
Mutation probability: 1
Crossover probability: 1
Selection operator: Tournament
Selection pressure: 7
Reduce parent pressure: 2
Reduce offspring pressure: 1
Reduce parents operator: Tournament
Reduce offspring operator: Tournament
Surviving parents: 100
Surviving offspring: 100
Replacement operator: Tournament
Replacement pressure: 2
Elitism: 1
Elite size: 1
____________________________________________________
Remote island model: 
Remote island model: 0
Ip file: ip.txt
Migration probability: 0.3
Server port: 2929
Reevaluate immigrants: 0
_____________________________________________________
Result: 
Best fitness: 23848.9
Best individual: 
5.4863 9.73499 5.50596 -5.06354 8.23438 0.756693 64.8463 4.4625 0.334121 23848.9


Elapsed time: 0.744828 s
_____________________________________________________
User's messages: 

