Run configuration:
Start time: 2022-01-14_19-42-31
Seed: 1642185751
Number of generations: 100
Population size: 10000
CPU Threads number: 1
Evaluation goal: 1
____________________________________________________
Special options: 
Offspring population size: 10000
Mutation probability: 1
Crossover probability: 1
Selection operator: Tournament
Selection pressure: 7
Reduce parent pressure: 2
Reduce offspring pressure: 1
Reduce parents operator: Tournament
Reduce offspring operator: Tournament
Surviving parents: 10000
Surviving offspring: 10000
Replacement operator: Tournament
Replacement pressure: 2
Elitism: 1
Elite size: 1
____________________________________________________
Remote island model: 
Remote island model: 0
Ip file: ip.txt
Migration probability: 0.3
Server port: 2929
Reevaluate immigrants: 0
_____________________________________________________
Result: 
Best fitness: 393.601
Best individual: 
29.0985 7.26078 2.5799 69.4114 4.4699 6.21545 26.4268 3.57057 2.80093 393.601


Elapsed time: 43.5146 s
_____________________________________________________
User's messages: 

