Run configuration:
Start time: 2022-01-15_23-15-47
Seed: 1642284947
Number of generations: 100
Population size: 10000
CPU Threads number: 1
Evaluation goal: 1
____________________________________________________
Special options: 
Offspring population size: 10000
Mutation probability: 1
Crossover probability: 1
Selection operator: Tournament
Selection pressure: 7
Reduce parent pressure: 2
Reduce offspring pressure: 1
Reduce parents operator: Tournament
Reduce offspring operator: Tournament
Surviving parents: 10000
Surviving offspring: 10000
Replacement operator: Tournament
Replacement pressure: 2
Elitism: 1
Elite size: 1
____________________________________________________
Remote island model: 
Remote island model: 0
Ip file: ip.txt
Migration probability: 0.3
Server port: 2929
Reevaluate immigrants: 0
_____________________________________________________
Result: 
Best fitness: 1130.29
Best individual: 
0 0 0 0 0 0 0 0 0 29.05 7.26179 2.5332 69.6623 4.46961 6.23012 26.5265 3.56828 2.93562 1130.29


Elapsed time: 44.2457 s
_____________________________________________________
User's messages: 

