Run configuration:
Start time: 2022-01-16_13-48-36
Seed: 1642337316
Number of generations: 100
Population size: 10000
CPU Threads number: 1
Evaluation goal: 1
____________________________________________________
Special options: 
Offspring population size: 10000
Mutation probability: 1
Crossover probability: 1
Selection operator: Tournament
Selection pressure: 7
Reduce parent pressure: 2
Reduce offspring pressure: 1
Reduce parents operator: Tournament
Reduce offspring operator: Tournament
Surviving parents: 10000
Surviving offspring: 10000
Replacement operator: Tournament
Replacement pressure: 2
Elitism: 1
Elite size: 1
____________________________________________________
Remote island model: 
Remote island model: 0
Ip file: ip.txt
Migration probability: 0.3
Server port: 2929
Reevaluate immigrants: 0
_____________________________________________________
Result: 
Best fitness: 1174.31
Best individual: 
0.186136 0.895364 0.547576 0.486443 0.502174 0.461888 0.041086 0.260013 0 69.3394 4.469 -0.02156 26.4163 3.56856 2.90244 29.1595 7.25982 2.62854 1174.31


Elapsed time: 43.9885 s
_____________________________________________________
User's messages: 

