Run configuration:
Start time: 2022-01-16_13-47-57
Seed: 1642337277
Number of generations: 100
Population size: 10000
CPU Threads number: 1
Evaluation goal: 1
____________________________________________________
Special options: 
Offspring population size: 10000
Mutation probability: 1
Crossover probability: 1
Selection operator: Tournament
Selection pressure: 7
Reduce parent pressure: 2
Reduce offspring pressure: 1
Reduce parents operator: Tournament
Reduce offspring operator: Tournament
Surviving parents: 10000
Surviving offspring: 10000
Replacement operator: Tournament
Replacement pressure: 2
Elitism: 1
Elite size: 1
____________________________________________________
Remote island model: 
Remote island model: 0
Ip file: ip.txt
Migration probability: 0.3
Server port: 2929
Reevaluate immigrants: 0
_____________________________________________________
Result: 
Best fitness: 574.693
Best individual: 
0.480699 0.514881 0.119129 0.317505 0.551921 0.431661 0.190474 0.14835 0 26.3089 3.56899 2.89781 69.4215 4.47029 -0.0910283 -29.2754 7.26017 5.74904 574.693


Elapsed time: 34.7985 s
_____________________________________________________
User's messages: 

