Run configuration:
Start time: 2022-01-14_21-42-07
Seed: 1642192927
Number of generations: 100
Population size: 10000
CPU Threads number: 1
Evaluation goal: 1
____________________________________________________
Special options: 
Offspring population size: 10000
Mutation probability: 1
Crossover probability: 1
Selection operator: Tournament
Selection pressure: 7
Reduce parent pressure: 2
Reduce offspring pressure: 1
Reduce parents operator: Tournament
Reduce offspring operator: Tournament
Surviving parents: 10000
Surviving offspring: 10000
Replacement operator: Tournament
Replacement pressure: 2
Elitism: 1
Elite size: 1
____________________________________________________
Remote island model: 
Remote island model: 0
Ip file: ip.txt
Migration probability: 0.3
Server port: 2929
Reevaluate immigrants: 0
_____________________________________________________
Result: 
Best fitness: 2164.43
Best individual: 
29.9963 7.26364 2.49355 68.8973 4.46982 6.20633 26.8848 3.56783 2.90138 2164.43


Elapsed time: 7.83846 s
_____________________________________________________
User's messages: 

