Run configuration:
Start time: 2022-01-15_23-40-03
Seed: 1642286403
Number of generations: 1000
Population size: 10000
CPU Threads number: 1
Evaluation goal: 1
____________________________________________________
Special options: 
Offspring population size: 10000
Mutation probability: 1
Crossover probability: 1
Selection operator: Tournament
Selection pressure: 7
Reduce parent pressure: 2
Reduce offspring pressure: 1
Reduce parents operator: Tournament
Reduce offspring operator: Tournament
Surviving parents: 10000
Surviving offspring: 10000
Replacement operator: Tournament
Replacement pressure: 2
Elitism: 1
Elite size: 1
____________________________________________________
Remote island model: 
Remote island model: 0
Ip file: ip.txt
Migration probability: 0.3
Server port: 2929
Reevaluate immigrants: 0
_____________________________________________________
Result: 
Best fitness: 205.46
Best individual: 
0.00216911 8.55208e-05 0.00386071 0.00554889 0.00357392 0.00967946 0.00657251 0.00577217 0.00376092 29.1079 7.2597 2.63456 69.4019 4.47015 6.20277 26.4034 3.57014 2.82365 205.46


Elapsed time: 431.881 s
_____________________________________________________
User's messages: 

