Run configuration:
Start time: 2022-01-16_13-52-40
Seed: 1642337560
Number of generations: 100
Population size: 10000
CPU Threads number: 1
Evaluation goal: 1
____________________________________________________
Special options: 
Offspring population size: 10000
Mutation probability: 1
Crossover probability: 1
Selection operator: Tournament
Selection pressure: 7
Reduce parent pressure: 2
Reduce offspring pressure: 1
Reduce parents operator: Tournament
Reduce offspring operator: Tournament
Surviving parents: 10000
Surviving offspring: 10000
Replacement operator: Tournament
Replacement pressure: 2
Elitism: 1
Elite size: 1
____________________________________________________
Remote island model: 
Remote island model: 0
Ip file: ip.txt
Migration probability: 0.3
Server port: 2929
Reevaluate immigrants: 0
_____________________________________________________
Result: 
Best fitness: 1218.74
Best individual: 
0.613273 0.438312 0.0644815 0.298875 0.307368 0.671874 0.0986998 0.251067 0 28.9208 7.26215 2.52939 69.2926 4.46976 6.22464 26.4062 3.56827 2.92448 1218.74


Elapsed time: 43.5905 s
_____________________________________________________
User's messages: 

