Run configuration:
Start time: 2022-01-15_23-20-12
Seed: 1642285212
Number of generations: 100
Population size: 10000
CPU Threads number: 1
Evaluation goal: 1
____________________________________________________
Special options: 
Offspring population size: 10000
Mutation probability: 1
Crossover probability: 1
Selection operator: Tournament
Selection pressure: 7
Reduce parent pressure: 2
Reduce offspring pressure: 1
Reduce parents operator: Tournament
Reduce offspring operator: Tournament
Surviving parents: 10000
Surviving offspring: 10000
Replacement operator: Tournament
Replacement pressure: 2
Elitism: 1
Elite size: 1
____________________________________________________
Remote island model: 
Remote island model: 0
Ip file: ip.txt
Migration probability: 0.3
Server port: 2929
Reevaluate immigrants: 0
_____________________________________________________
Result: 
Best fitness: 2294.35
Best individual: 
0.50691 -0.223494 0.771594 1.13925 -0.00196798 1.10897 0.406071 1.0291 0.0162574 69.3682 4.46887 0.0134451 29.1691 7.25655 2.79903 26.4852 3.56823 2.91424 2294.35


Elapsed time: 44.6986 s
_____________________________________________________
User's messages: 

