Run configuration:
Start time: 2022-01-16_14-13-46
Seed: 1642338826
Number of generations: 100
Population size: 10000
CPU Threads number: 1
Evaluation goal: 1
____________________________________________________
Special options: 
Offspring population size: 10000
Mutation probability: 1
Crossover probability: 1
Selection operator: Tournament
Selection pressure: 7
Reduce parent pressure: 2
Reduce offspring pressure: 1
Reduce parents operator: Tournament
Reduce offspring operator: Tournament
Surviving parents: 10000
Surviving offspring: 10000
Replacement operator: Tournament
Replacement pressure: 2
Elitism: 1
Elite size: 1
____________________________________________________
Remote island model: 
Remote island model: 0
Ip file: ip.txt
Migration probability: 0.3
Server port: 2929
Reevaluate immigrants: 0
_____________________________________________________
Result: 
Best fitness: 1529.74
Best individual: 
0.00105064 0.00246802 0.00440913 0.00545545 0.00129316 0.00762925 0.00665536 0.00225968 -29.0708 7.2624 5.64082 26.4123 3.57329 2.66354 69.5781 4.47012 6.20415 1529.74


Elapsed time: 44.5812 s
_____________________________________________________
User's messages: 

