Run configuration:
Start time: 2022-01-15_23-27-03
Seed: 1642285623
Number of generations: 100
Population size: 10000
CPU Threads number: 1
Evaluation goal: 1
____________________________________________________
Special options: 
Offspring population size: 10000
Mutation probability: 1
Crossover probability: 1
Selection operator: Tournament
Selection pressure: 7
Reduce parent pressure: 2
Reduce offspring pressure: 1
Reduce parents operator: Tournament
Reduce offspring operator: Tournament
Surviving parents: 10000
Surviving offspring: 10000
Replacement operator: Tournament
Replacement pressure: 2
Elitism: 1
Elite size: 1
____________________________________________________
Remote island model: 
Remote island model: 0
Ip file: ip.txt
Migration probability: 0.3
Server port: 2929
Reevaluate immigrants: 0
_____________________________________________________
Result: 
Best fitness: 2517.54
Best individual: 
0.656103 0.482761 1.03332 0.911758 0.743516 0.906561 0.37614 0.565468 0.333266 26.3121 3.56516 3.08711 69.3818 4.46821 0.0227053 29.0691 7.25836 2.71038 2517.54


Elapsed time: 44.5826 s
_____________________________________________________
User's messages: 

