Run configuration:
Start time: 2022-01-15_23-14-08
Seed: 1642284848
Number of generations: 100
Population size: 10000
CPU Threads number: 1
Evaluation goal: 1
____________________________________________________
Special options: 
Offspring population size: 10000
Mutation probability: 1
Crossover probability: 1
Selection operator: Tournament
Selection pressure: 7
Reduce parent pressure: 2
Reduce offspring pressure: 1
Reduce parents operator: Tournament
Reduce offspring operator: Tournament
Surviving parents: 10000
Surviving offspring: 10000
Replacement operator: Tournament
Replacement pressure: 2
Elitism: 1
Elite size: 1
____________________________________________________
Remote island model: 
Remote island model: 0
Ip file: ip.txt
Migration probability: 0.3
Server port: 2929
Reevaluate immigrants: 0
_____________________________________________________
Result: 
Best fitness: 18347.5
Best individual: 
0 0 0 0 0 0 0 0 0 -27.3639 3.56732 -0.233481 69.4531 4.46949 6.20116 3.57019 0.698708 3.32981 18347.5


Elapsed time: 42.9224 s
_____________________________________________________
User's messages: 

