Run configuration:
Start time: 2022-01-16_15-31-26
Seed: 1642343486
Number of generations: 1000
Population size: 10000
CPU Threads number: 1
Evaluation goal: 1
____________________________________________________
Special options: 
Offspring population size: 10000
Mutation probability: 1
Crossover probability: 1
Selection operator: Tournament
Selection pressure: 7
Reduce parent pressure: 2
Reduce offspring pressure: 1
Reduce parents operator: Tournament
Reduce offspring operator: Tournament
Surviving parents: 10000
Surviving offspring: 10000
Replacement operator: Tournament
Replacement pressure: 2
Elitism: 1
Elite size: 1
____________________________________________________
Remote island model: 
Remote island model: 0
Ip file: ip.txt
Migration probability: 0.3
Server port: 2929
Reevaluate immigrants: 0
_____________________________________________________
Result: 
Best fitness: 104.831
Best individual: 
0.00131701 0.00618466 0.00885564 0.00226605 0.00617978 0.00763147 0.00729713 0.00896465 26.4007 3.56987 2.83608 29.1002 7.26014 2.61244 69.4003 4.46994 -0.0701629 104.831


Elapsed time: 442.478 s
_____________________________________________________
User's messages: 

