Run configuration:
Start time: 2022-01-16_14-16-13
Seed: 1642338973
Number of generations: 10000
Population size: 10000
CPU Threads number: 1
Evaluation goal: 1
____________________________________________________
Special options: 
Offspring population size: 10000
Mutation probability: 1
Crossover probability: 1
Selection operator: Tournament
Selection pressure: 7
Reduce parent pressure: 2
Reduce offspring pressure: 1
Reduce parents operator: Tournament
Reduce offspring operator: Tournament
Surviving parents: 10000
Surviving offspring: 10000
Replacement operator: Tournament
Replacement pressure: 2
Elitism: 1
Elite size: 1
____________________________________________________
Remote island model: 
Remote island model: 0
Ip file: ip.txt
Migration probability: 0.3
Server port: 2929
Reevaluate immigrants: 0
_____________________________________________________
Result: 
Best fitness: 21.237
Best individual: 
0.00813534 0.00780192 0.00924833 0.00341639 0.00561836 0.00234964 0.00570121 0.00113554 26.3971 3.56998 2.83083 29.1006 7.26003 2.61856 69.3996 4.47001 -0.0740829 21.237


Elapsed time: 4402.82 s
_____________________________________________________
User's messages: 

